2018-07-10 20:13:25.005 [restartedMain] INFO  bootlog4j.SpringBootLog4jApplication(StartupInfoLogger.java:48) - Starting SpringBootLog4jApplication on zwwang-PC with PID 4620 (F:\eclipseworkspace\spring-boot-log4j\target\classes started by zwwang in F:\eclipseworkspace\spring-boot-log4j)
2018-07-10 20:13:25.017 [restartedMain] INFO  bootlog4j.SpringBootLog4jApplication(SpringApplication.java:597) - The following profiles are active: dev
2018-07-10 20:13:25.159 [restartedMain] INFO  embedded.AnnotationConfigEmbeddedWebApplicationContext(AbstractApplicationContext.java:583) - Refreshing org.springframework.boot.context.embedded.AnnotationConfigEmbeddedWebApplicationContext@494977b8: startup date [Tue Jul 10 20:13:25 CST 2018]; root of context hierarchy
2018-07-10 20:13:25.660 [background-preinit] INFO  util.Version(Version.java:30) - HV000001: Hibernate Validator 5.3.6.Final
2018-07-10 20:13:29.415 [restartedMain] INFO  tomcat.TomcatEmbeddedServletContainer(TomcatEmbeddedServletContainer.java:89) - Tomcat initialized with port(s): 8001 (http)
2018-07-10 20:13:29.431 [restartedMain] INFO  core.StandardService(DirectJDKLog.java:179) - Starting service [Tomcat]
2018-07-10 20:13:29.433 [restartedMain] INFO  core.StandardEngine(DirectJDKLog.java:179) - Starting Servlet Engine: Apache Tomcat/8.5.23
2018-07-10 20:13:29.646 [localhost-startStop-1] INFO  [localhost].[/boot-log4j](DirectJDKLog.java:179) - Initializing Spring embedded WebApplicationContext
2018-07-10 20:13:29.646 [localhost-startStop-1] INFO  context.ContextLoader(EmbeddedWebApplicationContext.java:276) - Root WebApplicationContext: initialization completed in 4494 ms
2018-07-10 20:13:29.920 [localhost-startStop-1] INFO  servlet.ServletRegistrationBean(ServletRegistrationBean.java:190) - Mapping servlet: 'dispatcherServlet' to [/]
2018-07-10 20:13:29.957 [localhost-startStop-1] INFO  servlet.FilterRegistrationBean(AbstractFilterRegistrationBean.java:258) - Mapping filter: 'characterEncodingFilter' to: [/*]
2018-07-10 20:13:29.958 [localhost-startStop-1] INFO  servlet.FilterRegistrationBean(AbstractFilterRegistrationBean.java:258) - Mapping filter: 'hiddenHttpMethodFilter' to: [/*]
2018-07-10 20:13:29.958 [localhost-startStop-1] INFO  servlet.FilterRegistrationBean(AbstractFilterRegistrationBean.java:258) - Mapping filter: 'httpPutFormContentFilter' to: [/*]
2018-07-10 20:13:29.958 [localhost-startStop-1] INFO  servlet.FilterRegistrationBean(AbstractFilterRegistrationBean.java:258) - Mapping filter: 'requestContextFilter' to: [/*]
2018-07-10 20:13:30.409 [restartedMain] INFO  annotation.RequestMappingHandlerAdapter(RequestMappingHandlerAdapter.java:534) - Looking for @ControllerAdvice: org.springframework.boot.context.embedded.AnnotationConfigEmbeddedWebApplicationContext@494977b8: startup date [Tue Jul 10 20:13:25 CST 2018]; root of context hierarchy
2018-07-10 20:13:30.511 [restartedMain] INFO  annotation.RequestMappingHandlerMapping(AbstractHandlerMethodMapping.java:543) - Mapped "{[/log4j/printLog]}" onto public java.lang.String com.vivebest.spring.bootlog4j.controller.Log4jController.log()
2018-07-10 20:13:30.515 [restartedMain] INFO  annotation.RequestMappingHandlerMapping(AbstractHandlerMethodMapping.java:543) - Mapped "{[/error]}" onto public org.springframework.http.ResponseEntity<java.util.Map<java.lang.String, java.lang.Object>> org.springframework.boot.autoconfigure.web.BasicErrorController.error(javax.servlet.http.HttpServletRequest)
2018-07-10 20:13:30.516 [restartedMain] INFO  annotation.RequestMappingHandlerMapping(AbstractHandlerMethodMapping.java:543) - Mapped "{[/error],produces=[text/html]}" onto public org.springframework.web.servlet.ModelAndView org.springframework.boot.autoconfigure.web.BasicErrorController.errorHtml(javax.servlet.http.HttpServletRequest,javax.servlet.http.HttpServletResponse)
2018-07-10 20:13:30.566 [restartedMain] INFO  handler.SimpleUrlHandlerMapping(AbstractUrlHandlerMapping.java:362) - Mapped URL path [/webjars/**] onto handler of type [class org.springframework.web.servlet.resource.ResourceHttpRequestHandler]
2018-07-10 20:13:30.567 [restartedMain] INFO  handler.SimpleUrlHandlerMapping(AbstractUrlHandlerMapping.java:362) - Mapped URL path [/**] onto handler of type [class org.springframework.web.servlet.resource.ResourceHttpRequestHandler]
2018-07-10 20:13:30.619 [restartedMain] INFO  handler.SimpleUrlHandlerMapping(AbstractUrlHandlerMapping.java:362) - Mapped URL path [/**/favicon.ico] onto handler of type [class org.springframework.web.servlet.resource.ResourceHttpRequestHandler]
2018-07-10 20:13:30.879 [restartedMain] INFO  autoconfigure.OptionalLiveReloadServer(OptionalLiveReloadServer.java:58) - LiveReload server is running on port 35729
2018-07-10 20:13:30.976 [restartedMain] INFO  annotation.AnnotationMBeanExporter(MBeanExporter.java:431) - Registering beans for JMX exposure on startup
2018-07-10 20:13:31.011 [restartedMain] INFO  http11.Http11NioProtocol(DirectJDKLog.java:179) - Initializing ProtocolHandler ["http-nio-127.0.0.1-8001"]
2018-07-10 20:13:31.031 [restartedMain] INFO  http11.Http11NioProtocol(DirectJDKLog.java:179) - Starting ProtocolHandler ["http-nio-127.0.0.1-8001"]
2018-07-10 20:13:31.066 [restartedMain] INFO  net.NioSelectorPool(DirectJDKLog.java:179) - Using a shared selector for servlet write/read
2018-07-10 20:13:31.116 [restartedMain] INFO  tomcat.TomcatEmbeddedServletContainer(TomcatEmbeddedServletContainer.java:201) - Tomcat started on port(s): 8001 (http)
2018-07-10 20:13:31.132 [restartedMain] INFO  bootlog4j.SpringBootLog4jApplication(StartupInfoLogger.java:57) - Started SpringBootLog4jApplication in 7.727 seconds (JVM running for 9.58)
2018-07-10 20:13:34.787 [http-nio-127.0.0.1-8001-exec-4] INFO  [localhost].[/boot-log4j](DirectJDKLog.java:179) - Initializing Spring FrameworkServlet 'dispatcherServlet'
2018-07-10 20:13:34.788 [http-nio-127.0.0.1-8001-exec-4] INFO  servlet.DispatcherServlet(FrameworkServlet.java:489) - FrameworkServlet 'dispatcherServlet': initialization started
2018-07-10 20:13:34.866 [http-nio-127.0.0.1-8001-exec-4] INFO  servlet.DispatcherServlet(FrameworkServlet.java:508) - FrameworkServlet 'dispatcherServlet': initialization completed in 69 ms
2018-07-10 20:13:34.942 [http-nio-127.0.0.1-8001-exec-4] INFO  controller.Log4jController(Log4jController.java:30) - spring-boot-log4j!
